<?xml version="1.0" encoding="UTF-8"?>
<!-- Generated by org.testng.reporters.JUnitReportReporter -->
<testsuite hostname="DESKTOP-CLBKD5H" failures="0" tests="1" name="org.example.testRunner.runners" time="25.084" errors="0" timestamp="2024-09-29T16:02:25 EET" skipped="0">
  <testcase classname="org.example.testRunner.runners" name="runScenario" time="25.084"/>
  <system-out/>
</testsuite> <!-- org.example.testRunner.runners -->
